/mnt/home/hywork/d1_nav_demo_ros2_ws/install/d1_nav_demo/lib/python3.8/site-packages/d1_nav_demo/fake_bspline_to_path_node.py
/mnt/home/hywork/d1_nav_demo_ros2_ws/install/d1_nav_demo/lib/python3.8/site-packages/d1_nav_demo/circle_trajectory_tracker_node.py
/mnt/home/hywork/d1_nav_demo_ros2_ws/install/d1_nav_demo/lib/python3.8/site-packages/d1_nav_demo/path_tracker_node.py
/mnt/home/hywork/d1_nav_demo_ros2_ws/install/d1_nav_demo/lib/python3.8/site-packages/d1_nav_demo/__init__.py
/mnt/home/hywork/d1_nav_demo_ros2_ws/install/d1_nav_demo/lib/python3.8/site-packages/d1_nav_demo/__pycache__/fake_bspline_to_path_node.cpython-38.pyc
/mnt/home/hywork/d1_nav_demo_ros2_ws/install/d1_nav_demo/lib/python3.8/site-packages/d1_nav_demo/__pycache__/circle_trajectory_tracker_node.cpython-38.pyc
/mnt/home/hywork/d1_nav_demo_ros2_ws/install/d1_nav_demo/lib/python3.8/site-packages/d1_nav_demo/__pycache__/path_tracker_node.cpython-38.pyc
/mnt/home/hywork/d1_nav_demo_ros2_ws/install/d1_nav_demo/lib/python3.8/site-packages/d1_nav_demo/__pycache__/__init__.cpython-38.pyc
/mnt/home/hywork/d1_nav_demo_ros2_ws/install/d1_nav_demo/share/ament_index/resource_index/packages/d1_nav_demo
/mnt/home/hywork/d1_nav_demo_ros2_ws/install/d1_nav_demo/share/d1_nav_demo/package.xml
/mnt/home/hywork/d1_nav_demo_ros2_ws/install/d1_nav_demo/share/d1_nav_demo/launch/demo_pipeline.launch.py
/mnt/home/hywork/d1_nav_demo_ros2_ws/install/d1_nav_demo/share/d1_nav_demo/config/params.yaml
/mnt/home/hywork/d1_nav_demo_ros2_ws/install/d1_nav_demo/lib/python3.8/site-packages/d1_nav_demo-0.0.1-py3.8.egg-info/top_level.txt
/mnt/home/hywork/d1_nav_demo_ros2_ws/install/d1_nav_demo/lib/python3.8/site-packages/d1_nav_demo-0.0.1-py3.8.egg-info/dependency_links.txt
/mnt/home/hywork/d1_nav_demo_ros2_ws/install/d1_nav_demo/lib/python3.8/site-packages/d1_nav_demo-0.0.1-py3.8.egg-info/requires.txt
/mnt/home/hywork/d1_nav_demo_ros2_ws/install/d1_nav_demo/lib/python3.8/site-packages/d1_nav_demo-0.0.1-py3.8.egg-info/zip-safe
/mnt/home/hywork/d1_nav_demo_ros2_ws/install/d1_nav_demo/lib/python3.8/site-packages/d1_nav_demo-0.0.1-py3.8.egg-info/PKG-INFO
/mnt/home/hywork/d1_nav_demo_ros2_ws/install/d1_nav_demo/lib/python3.8/site-packages/d1_nav_demo-0.0.1-py3.8.egg-info/entry_points.txt
/mnt/home/hywork/d1_nav_demo_ros2_ws/install/d1_nav_demo/lib/python3.8/site-packages/d1_nav_demo-0.0.1-py3.8.egg-info/SOURCES.txt
/mnt/home/hywork/d1_nav_demo_ros2_ws/install/d1_nav_demo/lib/d1_nav_demo/circle_trajectory_tracker_node
/mnt/home/hywork/d1_nav_demo_ros2_ws/install/d1_nav_demo/lib/d1_nav_demo/fake_bspline_to_path_node
/mnt/home/hywork/d1_nav_demo_ros2_ws/install/d1_nav_demo/lib/d1_nav_demo/path_tracker_node
