running egg_info
creating ../../build/d1_nav_demo/d1_nav_demo.egg-info
writing ../../build/d1_nav_demo/d1_nav_demo.egg-info/PKG-INFO
writing dependency_links to ../../build/d1_nav_demo/d1_nav_demo.egg-info/dependency_links.txt
writing entry points to ../../build/d1_nav_demo/d1_nav_demo.egg-info/entry_points.txt
writing requirements to ../../build/d1_nav_demo/d1_nav_demo.egg-info/requires.txt
writing top-level names to ../../build/d1_nav_demo/d1_nav_demo.egg-info/top_level.txt
writing manifest file '../../build/d1_nav_demo/d1_nav_demo.egg-info/SOURCES.txt'
reading manifest file '../../build/d1_nav_demo/d1_nav_demo.egg-info/SOURCES.txt'
writing manifest file '../../build/d1_nav_demo/d1_nav_demo.egg-info/SOURCES.txt'
running build
running build_py
creating /mnt/home/hywork/d1_nav_demo_ros2_ws/build/d1_nav_demo/build
creating /mnt/home/hywork/d1_nav_demo_ros2_ws/build/d1_nav_demo/build/lib
creating /mnt/home/hywork/d1_nav_demo_ros2_ws/build/d1_nav_demo/build/lib/d1_nav_demo
copying d1_nav_demo/fake_bspline_to_path_node.py -> /mnt/home/hywork/d1_nav_demo_ros2_ws/build/d1_nav_demo/build/lib/d1_nav_demo
copying d1_nav_demo/circle_trajectory_tracker_node.py -> /mnt/home/hywork/d1_nav_demo_ros2_ws/build/d1_nav_demo/build/lib/d1_nav_demo
copying d1_nav_demo/path_tracker_node.py -> /mnt/home/hywork/d1_nav_demo_ros2_ws/build/d1_nav_demo/build/lib/d1_nav_demo
copying d1_nav_demo/__init__.py -> /mnt/home/hywork/d1_nav_demo_ros2_ws/build/d1_nav_demo/build/lib/d1_nav_demo
running install
running install_lib
creating /mnt/home/hywork/d1_nav_demo_ros2_ws/install/d1_nav_demo/lib/python3.8/site-packages/d1_nav_demo
copying /mnt/home/hywork/d1_nav_demo_ros2_ws/build/d1_nav_demo/build/lib/d1_nav_demo/fake_bspline_to_path_node.py -> /mnt/home/hywork/d1_nav_demo_ros2_ws/install/d1_nav_demo/lib/python3.8/site-packages/d1_nav_demo
copying /mnt/home/hywork/d1_nav_demo_ros2_ws/build/d1_nav_demo/build/lib/d1_nav_demo/circle_trajectory_tracker_node.py -> /mnt/home/hywork/d1_nav_demo_ros2_ws/install/d1_nav_demo/lib/python3.8/site-packages/d1_nav_demo
copying /mnt/home/hywork/d1_nav_demo_ros2_ws/build/d1_nav_demo/build/lib/d1_nav_demo/path_tracker_node.py -> /mnt/home/hywork/d1_nav_demo_ros2_ws/install/d1_nav_demo/lib/python3.8/site-packages/d1_nav_demo
copying /mnt/home/hywork/d1_nav_demo_ros2_ws/build/d1_nav_demo/build/lib/d1_nav_demo/__init__.py -> /mnt/home/hywork/d1_nav_demo_ros2_ws/install/d1_nav_demo/lib/python3.8/site-packages/d1_nav_demo
byte-compiling /mnt/home/hywork/d1_nav_demo_ros2_ws/install/d1_nav_demo/lib/python3.8/site-packages/d1_nav_demo/fake_bspline_to_path_node.py to fake_bspline_to_path_node.cpython-38.pyc
byte-compiling /mnt/home/hywork/d1_nav_demo_ros2_ws/install/d1_nav_demo/lib/python3.8/site-packages/d1_nav_demo/circle_trajectory_tracker_node.py to circle_trajectory_tracker_node.cpython-38.pyc
byte-compiling /mnt/home/hywork/d1_nav_demo_ros2_ws/install/d1_nav_demo/lib/python3.8/site-packages/d1_nav_demo/path_tracker_node.py to path_tracker_node.cpython-38.pyc
byte-compiling /mnt/home/hywork/d1_nav_demo_ros2_ws/install/d1_nav_demo/lib/python3.8/site-packages/d1_nav_demo/__init__.py to __init__.cpython-38.pyc
running install_data
creating /mnt/home/hywork/d1_nav_demo_ros2_ws/install/d1_nav_demo/share
creating /mnt/home/hywork/d1_nav_demo_ros2_ws/install/d1_nav_demo/share/ament_index
creating /mnt/home/hywork/d1_nav_demo_ros2_ws/install/d1_nav_demo/share/ament_index/resource_index
creating /mnt/home/hywork/d1_nav_demo_ros2_ws/install/d1_nav_demo/share/ament_index/resource_index/packages
copying resource/d1_nav_demo -> /mnt/home/hywork/d1_nav_demo_ros2_ws/install/d1_nav_demo/share/ament_index/resource_index/packages
creating /mnt/home/hywork/d1_nav_demo_ros2_ws/install/d1_nav_demo/share/d1_nav_demo
copying package.xml -> /mnt/home/hywork/d1_nav_demo_ros2_ws/install/d1_nav_demo/share/d1_nav_demo
creating /mnt/home/hywork/d1_nav_demo_ros2_ws/install/d1_nav_demo/share/d1_nav_demo/launch
copying launch/demo_pipeline.launch.py -> /mnt/home/hywork/d1_nav_demo_ros2_ws/install/d1_nav_demo/share/d1_nav_demo/launch
creating /mnt/home/hywork/d1_nav_demo_ros2_ws/install/d1_nav_demo/share/d1_nav_demo/config
copying config/params.yaml -> /mnt/home/hywork/d1_nav_demo_ros2_ws/install/d1_nav_demo/share/d1_nav_demo/config
running install_egg_info
Copying ../../build/d1_nav_demo/d1_nav_demo.egg-info to /mnt/home/hywork/d1_nav_demo_ros2_ws/install/d1_nav_demo/lib/python3.8/site-packages/d1_nav_demo-0.0.1-py3.8.egg-info
running install_scripts
Installing circle_trajectory_tracker_node script to /mnt/home/hywork/d1_nav_demo_ros2_ws/install/d1_nav_demo/lib/d1_nav_demo
Installing fake_bspline_to_path_node script to /mnt/home/hywork/d1_nav_demo_ros2_ws/install/d1_nav_demo/lib/d1_nav_demo
Installing path_tracker_node script to /mnt/home/hywork/d1_nav_demo_ros2_ws/install/d1_nav_demo/lib/d1_nav_demo
writing list of installed files to '/mnt/home/hywork/d1_nav_demo_ros2_ws/build/d1_nav_demo/install.log'
