[1.058s] Invoking command in '/mnt/home/hywork/d1_nav_demo_ros2_ws/src/d1_nav_demo': PYTHONPATH=/mnt/home/hywork/d1_nav_demo_ros2_ws/build/d1_nav_demo/prefix_override:/usr/lib/python3/dist-packages/colcon_core/task/python/colcon_distutils_commands:/mnt/home/hywork/d1_nav_demo_ros2_ws/install/d1_nav_demo/lib/python3.8/site-packages:${PYTHONPATH} /usr/bin/python3 -W ignore:setup.py install is deprecated -W ignore:easy_install command is deprecated setup.py egg_info --egg-base ../../build/d1_nav_demo build --build-base /mnt/home/hywork/d1_nav_demo_ros2_ws/build/d1_nav_demo/build install --record /mnt/home/hywork/d1_nav_demo_ros2_ws/build/d1_nav_demo/install.log --single-version-externally-managed install_data
[1.388s] running egg_info
[1.388s] creating ../../build/d1_nav_demo/d1_nav_demo.egg-info
[1.389s] writing ../../build/d1_nav_demo/d1_nav_demo.egg-info/PKG-INFO
[1.389s] writing dependency_links to ../../build/d1_nav_demo/d1_nav_demo.egg-info/dependency_links.txt
[1.389s] writing entry points to ../../build/d1_nav_demo/d1_nav_demo.egg-info/entry_points.txt
[1.389s] writing requirements to ../../build/d1_nav_demo/d1_nav_demo.egg-info/requires.txt
[1.390s] writing top-level names to ../../build/d1_nav_demo/d1_nav_demo.egg-info/top_level.txt
[1.391s] writing manifest file '../../build/d1_nav_demo/d1_nav_demo.egg-info/SOURCES.txt'
[1.433s] reading manifest file '../../build/d1_nav_demo/d1_nav_demo.egg-info/SOURCES.txt'
[1.434s] writing manifest file '../../build/d1_nav_demo/d1_nav_demo.egg-info/SOURCES.txt'
[1.435s] running build
[1.435s] running build_py
[1.435s] creating /mnt/home/hywork/d1_nav_demo_ros2_ws/build/d1_nav_demo/build
[1.435s] creating /mnt/home/hywork/d1_nav_demo_ros2_ws/build/d1_nav_demo/build/lib
[1.435s] creating /mnt/home/hywork/d1_nav_demo_ros2_ws/build/d1_nav_demo/build/lib/d1_nav_demo
[1.435s] copying d1_nav_demo/fake_bspline_to_path_node.py -> /mnt/home/hywork/d1_nav_demo_ros2_ws/build/d1_nav_demo/build/lib/d1_nav_demo
[1.436s] copying d1_nav_demo/circle_trajectory_tracker_node.py -> /mnt/home/hywork/d1_nav_demo_ros2_ws/build/d1_nav_demo/build/lib/d1_nav_demo
[1.436s] copying d1_nav_demo/path_tracker_node.py -> /mnt/home/hywork/d1_nav_demo_ros2_ws/build/d1_nav_demo/build/lib/d1_nav_demo
[1.436s] copying d1_nav_demo/__init__.py -> /mnt/home/hywork/d1_nav_demo_ros2_ws/build/d1_nav_demo/build/lib/d1_nav_demo
[1.436s] running install
[1.437s] running install_lib
[1.439s] creating /mnt/home/hywork/d1_nav_demo_ros2_ws/install/d1_nav_demo/lib/python3.8/site-packages/d1_nav_demo
[1.439s] copying /mnt/home/hywork/d1_nav_demo_ros2_ws/build/d1_nav_demo/build/lib/d1_nav_demo/fake_bspline_to_path_node.py -> /mnt/home/hywork/d1_nav_demo_ros2_ws/install/d1_nav_demo/lib/python3.8/site-packages/d1_nav_demo
[1.439s] copying /mnt/home/hywork/d1_nav_demo_ros2_ws/build/d1_nav_demo/build/lib/d1_nav_demo/circle_trajectory_tracker_node.py -> /mnt/home/hywork/d1_nav_demo_ros2_ws/install/d1_nav_demo/lib/python3.8/site-packages/d1_nav_demo
[1.439s] copying /mnt/home/hywork/d1_nav_demo_ros2_ws/build/d1_nav_demo/build/lib/d1_nav_demo/path_tracker_node.py -> /mnt/home/hywork/d1_nav_demo_ros2_ws/install/d1_nav_demo/lib/python3.8/site-packages/d1_nav_demo
[1.439s] copying /mnt/home/hywork/d1_nav_demo_ros2_ws/build/d1_nav_demo/build/lib/d1_nav_demo/__init__.py -> /mnt/home/hywork/d1_nav_demo_ros2_ws/install/d1_nav_demo/lib/python3.8/site-packages/d1_nav_demo
[1.440s] byte-compiling /mnt/home/hywork/d1_nav_demo_ros2_ws/install/d1_nav_demo/lib/python3.8/site-packages/d1_nav_demo/fake_bspline_to_path_node.py to fake_bspline_to_path_node.cpython-38.pyc
[1.442s] byte-compiling /mnt/home/hywork/d1_nav_demo_ros2_ws/install/d1_nav_demo/lib/python3.8/site-packages/d1_nav_demo/circle_trajectory_tracker_node.py to circle_trajectory_tracker_node.cpython-38.pyc
[1.444s] byte-compiling /mnt/home/hywork/d1_nav_demo_ros2_ws/install/d1_nav_demo/lib/python3.8/site-packages/d1_nav_demo/path_tracker_node.py to path_tracker_node.cpython-38.pyc
[1.445s] byte-compiling /mnt/home/hywork/d1_nav_demo_ros2_ws/install/d1_nav_demo/lib/python3.8/site-packages/d1_nav_demo/__init__.py to __init__.cpython-38.pyc
[1.446s] running install_data
[1.446s] creating /mnt/home/hywork/d1_nav_demo_ros2_ws/install/d1_nav_demo/share
[1.446s] creating /mnt/home/hywork/d1_nav_demo_ros2_ws/install/d1_nav_demo/share/ament_index
[1.446s] creating /mnt/home/hywork/d1_nav_demo_ros2_ws/install/d1_nav_demo/share/ament_index/resource_index
[1.446s] creating /mnt/home/hywork/d1_nav_demo_ros2_ws/install/d1_nav_demo/share/ament_index/resource_index/packages
[1.446s] copying resource/d1_nav_demo -> /mnt/home/hywork/d1_nav_demo_ros2_ws/install/d1_nav_demo/share/ament_index/resource_index/packages
[1.446s] creating /mnt/home/hywork/d1_nav_demo_ros2_ws/install/d1_nav_demo/share/d1_nav_demo
[1.447s] copying package.xml -> /mnt/home/hywork/d1_nav_demo_ros2_ws/install/d1_nav_demo/share/d1_nav_demo
[1.447s] creating /mnt/home/hywork/d1_nav_demo_ros2_ws/install/d1_nav_demo/share/d1_nav_demo/launch
[1.447s] copying launch/demo_pipeline.launch.py -> /mnt/home/hywork/d1_nav_demo_ros2_ws/install/d1_nav_demo/share/d1_nav_demo/launch
[1.447s] creating /mnt/home/hywork/d1_nav_demo_ros2_ws/install/d1_nav_demo/share/d1_nav_demo/config
[1.447s] copying config/params.yaml -> /mnt/home/hywork/d1_nav_demo_ros2_ws/install/d1_nav_demo/share/d1_nav_demo/config
[1.447s] running install_egg_info
[1.451s] Copying ../../build/d1_nav_demo/d1_nav_demo.egg-info to /mnt/home/hywork/d1_nav_demo_ros2_ws/install/d1_nav_demo/lib/python3.8/site-packages/d1_nav_demo-0.0.1-py3.8.egg-info
[1.452s] running install_scripts
[1.478s] Installing circle_trajectory_tracker_node script to /mnt/home/hywork/d1_nav_demo_ros2_ws/install/d1_nav_demo/lib/d1_nav_demo
[1.478s] Installing fake_bspline_to_path_node script to /mnt/home/hywork/d1_nav_demo_ros2_ws/install/d1_nav_demo/lib/d1_nav_demo
[1.478s] Installing path_tracker_node script to /mnt/home/hywork/d1_nav_demo_ros2_ws/install/d1_nav_demo/lib/d1_nav_demo
[1.479s] writing list of installed files to '/mnt/home/hywork/d1_nav_demo_ros2_ws/build/d1_nav_demo/install.log'
[1.530s] Invoked command in '/mnt/home/hywork/d1_nav_demo_ros2_ws/src/d1_nav_demo' returned '0': PYTHONPATH=/mnt/home/hywork/d1_nav_demo_ros2_ws/build/d1_nav_demo/prefix_override:/usr/lib/python3/dist-packages/colcon_core/task/python/colcon_distutils_commands:/mnt/home/hywork/d1_nav_demo_ros2_ws/install/d1_nav_demo/lib/python3.8/site-packages:${PYTHONPATH} /usr/bin/python3 -W ignore:setup.py install is deprecated -W ignore:easy_install command is deprecated setup.py egg_info --egg-base ../../build/d1_nav_demo build --build-base /mnt/home/hywork/d1_nav_demo_ros2_ws/build/d1_nav_demo/build install --record /mnt/home/hywork/d1_nav_demo_ros2_ws/build/d1_nav_demo/install.log --single-version-externally-managed install_data
